2020-06-01 23:51:39,371  INFO [main] Library:50 - Starting with Browser Set Up
2020-06-02 09:57:53,631  INFO [main] Library:50 - Starting with Browser Set Up
2020-06-02 10:00:19,559  INFO [main] Library:50 - Starting with Browser Set Up
2020-06-02 10:02:59,384  INFO [main] Library:50 - Starting with Browser Set Up
2020-06-02 10:07:30,633  INFO [main] Library:50 - Starting with Browser Set Up
2020-06-02 10:07:48,864  INFO [main] Library:60 - Identified the browser as chrome. Launching the browser
2020-06-02 10:07:53,108  INFO [main] Library:92 - Launched the Orange Application
2020-06-02 10:10:36,153  INFO [main] Library:50 - Starting with Browser Set Up
2020-06-02 10:10:41,453  INFO [main] Library:60 - Identified the browser as chrome. Launching the browser
2020-06-02 10:10:47,597  INFO [main] Library:92 - Launched the Orange Application
2020-06-02 10:15:02,806  INFO [main] Library:50 - Starting with Browser Set Up
2020-06-02 10:15:07,804  INFO [main] Library:60 - Identified the browser as chrome. Launching the browser
2020-06-02 10:15:12,594  INFO [main] Library:92 - Launched the Orange Application
2020-06-02 10:25:24,478  INFO [main] Library:54 - Starting with Browser Set Up
2020-06-02 10:25:29,007  INFO [main] Library:64 - Identified the browser as chrome. Launching the browser
2020-06-02 10:25:32,969  INFO [main] Library:96 - Launched the Orange Application
2020-06-02 10:25:37,598  INFO [main] Library:102 - Exiting the application and closing the browser
2020-06-02 10:27:08,086  INFO [main] Library:54 - Starting with Browser Set Up
2020-06-02 10:27:12,459  INFO [main] Library:64 - Identified the browser as chrome. Launching the browser
2020-06-02 10:27:16,523  INFO [main] Library:96 - Launched the Orange Application
2020-06-02 10:27:20,008  INFO [main] Library:102 - Exiting the application and closing the browser
2020-06-02 10:28:55,334  INFO [main] Library:54 - Starting with Browser Set Up
2020-06-02 10:28:59,712  INFO [main] Library:64 - Identified the browser as chrome. Launching the browser
2020-06-02 10:29:04,107  INFO [main] Library:96 - Launched the Orange Application
2020-06-02 10:34:47,618  INFO [main] Library:54 - Starting with Browser Set Up
2020-06-02 10:34:52,264  INFO [main] Library:64 - Identified the browser as chrome. Launching the browser
2020-06-02 10:34:59,615  INFO [main] Library:96 - Launched the Orange Application
2020-06-02 10:53:44,555  INFO [main] Library:54 - Starting with Browser Set Up
2020-06-02 10:53:48,971  INFO [main] Library:64 - Identified the browser as chrome. Launching the browser
2020-06-02 10:53:54,007  INFO [main] Library:96 - Launched the Orange Application
2020-06-02 10:55:03,484  INFO [main] Library:54 - Starting with Browser Set Up
2020-06-02 10:55:08,609  INFO [main] Library:64 - Identified the browser as chrome. Launching the browser
2020-06-02 10:55:16,068  INFO [main] Library:96 - Launched the Orange Application
2020-06-02 10:56:59,821  INFO [main] Library:53 - Starting with Browser Set Up
2020-06-02 10:57:04,393  INFO [main] Library:63 - Identified the browser as chrome. Launching the browser
2020-06-02 10:57:09,145  INFO [main] Library:95 - Launched the Orange Application
2020-06-02 10:58:39,280  INFO [main] Library:53 - Starting with Browser Set Up
2020-06-02 10:58:44,016  INFO [main] Library:63 - Identified the browser as chrome. Launching the browser
2020-06-02 10:58:47,714  INFO [main] Library:95 - Launched the Orange Application
2020-06-02 10:58:59,149  INFO [main] Library:101 - Exiting the application and closing the browser
2020-06-02 11:00:54,689  INFO [main] Library:53 - Starting with Browser Set Up
2020-06-02 11:00:59,291  INFO [main] Library:63 - Identified the browser as chrome. Launching the browser
2020-06-02 11:01:03,708  INFO [main] Library:95 - Launched the Orange Application
2020-06-02 11:01:06,782  INFO [main] Library:106 - Take Screenshot
2020-06-02 11:01:07,197  INFO [main] Library:110 - Image captured
2020-06-02 11:01:15,867  INFO [main] Library:101 - Exiting the application and closing the browser
2020-06-02 11:18:26,860  INFO [main] Library:53 - Starting with Browser Set Up
2020-06-02 11:18:31,368  INFO [main] Library:63 - Identified the browser as chrome. Launching the browser
2020-06-02 11:18:35,151  INFO [main] Library:95 - Launched the Orange Application
2020-06-02 11:18:37,897  INFO [main] Library:106 - Take Screenshot
2020-06-02 11:18:38,257  INFO [main] Library:110 - Image captured
2020-06-02 11:18:47,009  INFO [main] Library:101 - Exiting the application and closing the browser
2020-06-02 11:27:13,367  INFO [main] Library:53 - Starting with Browser Set Up
2020-06-02 11:27:17,937  INFO [main] Library:63 - Identified the browser as chrome. Launching the browser
2020-06-02 11:27:23,041  INFO [main] Library:95 - Launched the Orange Application
2020-06-02 11:27:29,091  INFO [main] Library:106 - Take Screenshot
2020-06-02 11:27:29,431  INFO [main] Library:110 - Image captured
2020-06-02 11:27:38,418  INFO [main] Library:101 - Exiting the application and closing the browser
2020-06-02 11:30:59,353  INFO [main] Library:53 - Starting with Browser Set Up
2020-06-02 11:31:03,908  INFO [main] Library:63 - Identified the browser as chrome. Launching the browser
2020-06-02 11:31:09,859  INFO [main] Library:95 - Launched the Orange Application
2020-06-02 11:31:17,606  INFO [main] Library:106 - Take Screenshot
2020-06-02 11:31:17,952  INFO [main] Library:110 - Image captured
2020-06-02 11:31:26,938  INFO [main] Library:101 - Exiting the application and closing the browser
2020-06-02 11:34:03,413  INFO [main] Library:53 - Starting with Browser Set Up
2020-06-02 11:34:07,863  INFO [main] Library:63 - Identified the browser as chrome. Launching the browser
2020-06-02 11:34:11,740  INFO [main] Library:95 - Launched the Orange Application
2020-06-02 11:34:14,170  INFO [main] Library:106 - Take Screenshot
2020-06-02 11:34:14,520  INFO [main] Library:111 - Image captured
2020-06-02 11:34:23,544  INFO [main] Library:101 - Exiting the application and closing the browser
2020-06-02 12:19:37,953  INFO [main] Library:53 - Starting with Browser Set Up
2020-06-02 12:19:42,507  INFO [main] Library:63 - Identified the browser as chrome. Launching the browser
2020-06-02 12:19:47,331  INFO [main] Library:95 - Launched the Orange Application
2020-06-02 12:19:51,476  INFO [main] Library:106 - Take Screenshot
2020-06-02 12:19:51,801  INFO [main] Library:111 - Image captured
2020-06-02 12:20:00,800  INFO [main] Library:101 - Exiting the application and closing the browser
2020-06-02 12:24:26,220  INFO [main] Library:53 - Starting with Browser Set Up
2020-06-02 12:24:30,744  INFO [main] Library:63 - Identified the browser as chrome. Launching the browser
2020-06-02 12:24:34,186  INFO [main] Library:95 - Launched the Orange Application
2020-06-02 12:29:42,505  INFO [main] Library:53 - Starting with Browser Set Up
2020-06-02 12:29:47,318  INFO [main] Library:63 - Identified the browser as chrome. Launching the browser
2020-06-02 12:29:54,609  INFO [main] Library:95 - Launched the Orange Application
2020-06-02 12:37:09,516  INFO [main] Library:53 - Starting with Browser Set Up
2020-06-02 12:37:14,162  INFO [main] Library:63 - Identified the browser as chrome. Launching the browser
2020-06-02 12:37:18,068  INFO [main] Library:95 - Launched the Orange Application
2020-06-02 12:37:23,407  INFO [main] Library:30 - Add New Entry
2020-06-02 12:51:04,040  INFO [main] Library:53 - Starting with Browser Set Up
2020-06-02 12:51:08,729  INFO [main] Library:63 - Identified the browser as chrome. Launching the browser
2020-06-02 12:51:13,305  INFO [main] Library:95 - Launched the Orange Application
2020-06-02 12:53:01,755  INFO [main] Library:53 - Starting with Browser Set Up
2020-06-02 12:53:06,300  INFO [main] Library:63 - Identified the browser as chrome. Launching the browser
2020-06-02 12:53:11,065  INFO [main] Library:95 - Launched the Orange Application
2020-06-02 12:53:17,745  INFO [main] Library:30 - Add New Entry
2020-06-02 13:00:37,501  INFO [main] Library:53 - Starting with Browser Set Up
2020-06-02 13:00:41,640  INFO [main] Library:63 - Identified the browser as chrome. Launching the browser
2020-06-02 13:00:45,380  INFO [main] Library:95 - Launched the Orange Application
2020-06-02 13:00:50,787  INFO [main] Library:30 - Add New Entry
2020-06-02 13:12:00,804  INFO [main] Library:53 - Starting with Browser Set Up
2020-06-02 13:12:04,941  INFO [main] Library:63 - Identified the browser as chrome. Launching the browser
2020-06-02 13:12:09,254  INFO [main] Library:95 - Launched the Orange Application
2020-06-02 13:12:17,351  INFO [main] Library:30 - Add New Entry
2020-06-02 16:04:20,891  INFO [main] Library:53 - Starting with Browser Set Up
2020-06-02 16:04:27,668  INFO [main] Library:63 - Identified the browser as chrome. Launching the browser
2020-06-02 16:04:32,736  INFO [main] Library:95 - Launched the Orange Application
2020-06-02 16:04:38,743  INFO [main] Library:31 - Add New Entry
2020-06-02 16:05:10,323  INFO [main] Library:101 - Exiting the application and closing the browser
2020-06-02 16:11:53,916  INFO [main] Library:53 - Starting with Browser Set Up
2020-06-02 16:11:58,135  INFO [main] Library:63 - Identified the browser as chrome. Launching the browser
2020-06-02 16:12:01,711  INFO [main] Library:95 - Launched the Orange Application
2020-06-02 16:12:08,226  INFO [main] Library:31 - Add New Entry
2020-06-02 16:12:09,441  INFO [main] Library:101 - Exiting the application and closing the browser
2020-06-02 16:15:25,908  INFO [main] Library:53 - Starting with Browser Set Up
2020-06-02 16:15:30,487  INFO [main] Library:63 - Identified the browser as chrome. Launching the browser
2020-06-02 16:15:34,335  INFO [main] Library:95 - Launched the Orange Application
2020-06-02 16:15:38,417  INFO [main] Library:31 - Add New Entry
2020-06-02 16:16:09,131  INFO [main] Library:101 - Exiting the application and closing the browser
2020-06-02 16:17:53,257  INFO [main] Library:53 - Starting with Browser Set Up
2020-06-02 16:17:58,335  INFO [main] Library:63 - Identified the browser as chrome. Launching the browser
2020-06-02 16:18:03,243  INFO [main] Library:95 - Launched the Orange Application
2020-06-02 16:18:15,144  INFO [main] Library:31 - Add New Entry
2020-06-02 16:18:45,953  INFO [main] Library:101 - Exiting the application and closing the browser
2020-06-02 16:26:35,275  INFO [main] Library:53 - Starting with Browser Set Up
2020-06-02 16:26:39,500  INFO [main] Library:63 - Identified the browser as chrome. Launching the browser
2020-06-02 16:26:43,461  INFO [main] Library:95 - Launched the Orange Application
2020-06-02 16:26:55,945  INFO [main] Library:31 - Add New Entry
2020-06-02 16:27:40,570  INFO [main] Library:101 - Exiting the application and closing the browser
2020-06-02 16:34:49,508  INFO [main] Library:53 - Starting with Browser Set Up
2020-06-02 16:34:53,887  INFO [main] Library:63 - Identified the browser as chrome. Launching the browser
2020-06-02 16:34:58,515  INFO [main] Library:95 - Launched the Orange Application
2020-06-02 16:35:10,813  INFO [main] Library:31 - Add New Entry
2020-06-02 16:35:11,645  INFO [main] Library:101 - Exiting the application and closing the browser
2020-06-02 16:39:24,108  INFO [main] Library:53 - Starting with Browser Set Up
2020-06-02 16:39:28,272  INFO [main] Library:63 - Identified the browser as chrome. Launching the browser
2020-06-02 16:39:31,820  INFO [main] Library:95 - Launched the Orange Application
2020-06-02 16:39:43,428  INFO [main] Library:31 - Add New Entry
2020-06-02 16:40:14,087  INFO [main] Library:101 - Exiting the application and closing the browser
2020-06-02 16:41:45,897  INFO [main] Library:53 - Starting with Browser Set Up
2020-06-02 16:41:50,008  INFO [main] Library:63 - Identified the browser as chrome. Launching the browser
2020-06-02 16:41:53,438  INFO [main] Library:95 - Launched the Orange Application
2020-06-02 16:42:04,935  INFO [main] Library:31 - Add New Entry
2020-06-02 16:42:35,620  INFO [main] Library:101 - Exiting the application and closing the browser
2020-06-02 16:43:01,908  INFO [main] Library:53 - Starting with Browser Set Up
2020-06-02 16:43:05,731  INFO [main] Library:63 - Identified the browser as chrome. Launching the browser
2020-06-02 16:43:09,066  INFO [main] Library:95 - Launched the Orange Application
2020-06-02 16:43:21,036  INFO [main] Library:32 - Add New Entry
2020-06-02 16:43:51,714  INFO [main] Library:101 - Exiting the application and closing the browser
2020-06-02 16:49:00,980  INFO [main] Library:53 - Starting with Browser Set Up
2020-06-02 16:49:04,899  INFO [main] Library:63 - Identified the browser as chrome. Launching the browser
2020-06-02 16:49:08,253  INFO [main] Library:95 - Launched the Orange Application
2020-06-02 16:49:13,937  INFO [main] Library:32 - Add New Entry
2020-06-02 16:49:14,677  INFO [main] Library:101 - Exiting the application and closing the browser
2020-06-02 16:49:45,332  INFO [main] Library:53 - Starting with Browser Set Up
2020-06-02 16:49:49,658  INFO [main] Library:63 - Identified the browser as chrome. Launching the browser
2020-06-02 16:49:53,424  INFO [main] Library:95 - Launched the Orange Application
2020-06-02 16:49:57,145  INFO [main] Library:32 - Add New Entry
2020-06-02 17:12:56,130  INFO [main] Library:53 - Starting with Browser Set Up
2020-06-02 17:13:00,202  INFO [main] Library:63 - Identified the browser as chrome. Launching the browser
2020-06-02 17:13:03,944  INFO [main] Library:95 - Launched the Orange Application
2020-06-02 17:13:09,199  INFO [main] Library:32 - Add New Entry
2020-06-02 17:14:24,087  INFO [main] Library:53 - Starting with Browser Set Up
2020-06-02 17:14:28,423  INFO [main] Library:63 - Identified the browser as chrome. Launching the browser
2020-06-02 17:14:32,102  INFO [main] Library:95 - Launched the Orange Application
2020-06-02 17:14:36,297  INFO [main] Library:32 - Add New Entry
2020-06-02 17:15:35,296  INFO [main] Library:53 - Starting with Browser Set Up
2020-06-02 17:15:41,672  INFO [main] Library:63 - Identified the browser as chrome. Launching the browser
2020-06-02 17:15:45,074  INFO [main] Library:95 - Launched the Orange Application
2020-06-02 17:15:48,972  INFO [main] Library:32 - Add New Entry
2020-06-02 17:18:15,998  INFO [main] Library:53 - Starting with Browser Set Up
2020-06-02 17:18:21,623  INFO [main] Library:63 - Identified the browser as chrome. Launching the browser
2020-06-02 17:18:25,241  INFO [main] Library:95 - Launched the Orange Application
2020-06-02 17:18:28,613  INFO [main] Library:32 - Add New Entry
2020-06-02 17:20:25,648  INFO [main] Library:53 - Starting with Browser Set Up
2020-06-02 17:20:29,765  INFO [main] Library:63 - Identified the browser as chrome. Launching the browser
2020-06-02 17:20:33,489  INFO [main] Library:95 - Launched the Orange Application
2020-06-02 17:20:37,034  INFO [main] Library:32 - Add New Entry
2020-06-02 17:21:05,248  INFO [main] Library:53 - Starting with Browser Set Up
2020-06-02 17:21:09,680  INFO [main] Library:63 - Identified the browser as chrome. Launching the browser
2020-06-02 17:21:15,233  INFO [main] Library:95 - Launched the Orange Application
2020-06-02 17:21:18,870  INFO [main] Library:32 - Add New Entry
2020-06-02 17:23:00,962  INFO [main] Library:53 - Starting with Browser Set Up
2020-06-02 17:23:05,137  INFO [main] Library:63 - Identified the browser as chrome. Launching the browser
2020-06-02 17:23:08,317  INFO [main] Library:95 - Launched the Orange Application
2020-06-02 17:23:11,357  INFO [main] Library:34 - Add New Entry
2020-06-02 17:23:22,443  INFO [main] Library:106 - Take Screenshot
2020-06-02 17:25:21,862  INFO [main] Library:53 - Starting with Browser Set Up
2020-06-02 17:25:25,983  INFO [main] Library:63 - Identified the browser as chrome. Launching the browser
2020-06-02 17:25:29,285  INFO [main] Library:95 - Launched the Orange Application
2020-06-02 17:25:31,249  INFO [main] Library:106 - Take Screenshot
2020-06-02 17:25:32,162  INFO [main] Library:111 - Image captured
2020-06-02 17:25:41,152  INFO [main] Library:101 - Exiting the application and closing the browser
2020-06-02 17:28:02,668  INFO [main] Library:53 - Starting with Browser Set Up
2020-06-02 17:28:06,854  INFO [main] Library:63 - Identified the browser as chrome. Launching the browser
2020-06-02 17:28:12,179  INFO [main] Library:95 - Launched the Orange Application
2020-06-02 17:28:19,328  INFO [main] Library:34 - Add New Entry
2020-06-02 17:28:49,375  INFO [main] Library:106 - Take Screenshot
2020-06-02 17:28:49,748  INFO [main] Library:111 - Image captured
2020-06-02 17:36:38,417  INFO [main] Library:53 - Starting with Browser Set Up
2020-06-02 17:36:42,976  INFO [main] Library:63 - Identified the browser as chrome. Launching the browser
2020-06-02 17:36:46,517  INFO [main] Library:95 - Launched the Orange Application
2020-06-02 17:36:50,350  INFO [main] Library:35 - Add New Entry
2020-06-02 17:37:20,417  INFO [main] Library:106 - Take Screenshot
2020-06-02 17:37:20,738  INFO [main] Library:111 - Image captured
2020-06-02 17:46:59,186  INFO [main] Library:53 - Starting with Browser Set Up
2020-06-02 17:47:04,105  INFO [main] Library:63 - Identified the browser as chrome. Launching the browser
2020-06-02 17:47:08,637  INFO [main] Library:95 - Launched the Orange Application
2020-06-02 17:47:14,958  INFO [main] Library:35 - Add New Entry
2020-06-02 17:47:44,993  INFO [main] Library:106 - Take Screenshot
2020-06-02 17:47:45,358  INFO [main] Library:111 - Image captured
2020-06-02 17:57:58,750  INFO [main] Library:53 - Starting with Browser Set Up
2020-06-02 17:58:03,358  INFO [main] Library:63 - Identified the browser as chrome. Launching the browser
2020-06-02 17:58:07,217  INFO [main] Library:95 - Launched the Orange Application
2020-06-02 18:02:19,629  INFO [main] Library:53 - Starting with Browser Set Up
2020-06-02 18:02:24,083  INFO [main] Library:63 - Identified the browser as chrome. Launching the browser
2020-06-02 18:02:32,268  INFO [main] Library:95 - Launched the Orange Application
2020-06-02 18:06:22,808  INFO [main] Library:53 - Starting with Browser Set Up
2020-06-02 18:06:22,823  INFO [main] Library:53 - Starting with Browser Set Up
2020-06-02 18:06:33,842  INFO [main] Library:63 - Identified the browser as chrome. Launching the browser
2020-06-02 18:06:34,216  INFO [main] Library:63 - Identified the browser as chrome. Launching the browser
2020-06-02 18:06:45,085  INFO [main] Library:95 - Launched the Orange Application
2020-06-02 18:06:45,812  INFO [main] Library:95 - Launched the Orange Application
2020-06-02 18:46:02,555  INFO [main] Library:53 - Starting with Browser Set Up
2020-06-02 18:46:07,715  INFO [main] Library:63 - Identified the browser as chrome. Launching the browser
2020-06-02 18:46:11,407  INFO [main] Library:95 - Launched the Orange Application
2020-06-02 18:47:43,459  INFO [main] Library:53 - Starting with Browser Set Up
2020-06-02 18:47:48,902  INFO [main] Library:63 - Identified the browser as chrome. Launching the browser
2020-06-02 18:47:52,490  INFO [main] Library:95 - Launched the Orange Application
2020-06-02 18:51:04,521  INFO [main] Library:53 - Starting with Browser Set Up
2020-06-02 18:51:11,726  INFO [main] Library:63 - Identified the browser as chrome. Launching the browser
2020-06-02 18:51:20,094  INFO [main] Library:95 - Launched the Orange Application
2020-06-02 18:52:35,796  INFO [main] Library:53 - Starting with Browser Set Up
2020-06-02 18:52:45,224  INFO [main] Library:63 - Identified the browser as chrome. Launching the browser
2020-06-02 18:52:51,208  INFO [main] Library:95 - Launched the Orange Application
2020-06-03 03:13:09,570  INFO [main] Library:53 - Starting with Browser Set Up
2020-06-03 03:13:14,117  INFO [main] Library:63 - Identified the browser as chrome. Launching the browser
2020-06-03 03:13:19,060  INFO [main] Library:95 - Launched the Orange Application
2020-06-03 03:13:22,249  INFO [main] Library:35 - Add New Entry
2020-06-03 03:13:34,134  INFO [main] Library:106 - Take Screenshot
2020-06-03 03:14:35,280  INFO [main] Library:53 - Starting with Browser Set Up
2020-06-03 03:14:39,552  INFO [main] Library:63 - Identified the browser as chrome. Launching the browser
2020-06-03 03:14:43,158  INFO [main] Library:95 - Launched the Orange Application
2020-06-03 03:35:17,394  INFO [main] Library:53 - Starting with Browser Set Up
2020-06-03 03:35:21,419  INFO [main] Library:63 - Identified the browser as chrome. Launching the browser
2020-06-03 03:35:25,258  INFO [main] Library:95 - Launched the Orange Application
2020-06-03 03:35:29,475  INFO [main] Library:35 - Add New Entry
2020-06-03 03:36:07,593  INFO [main] Library:106 - Take Screenshot
2020-06-03 03:36:08,026  INFO [main] Library:111 - Image captured
2020-06-03 03:42:13,005  INFO [main] Library:53 - Starting with Browser Set Up
2020-06-03 03:42:17,625  INFO [main] Library:63 - Identified the browser as chrome. Launching the browser
2020-06-03 03:42:21,055  INFO [main] Library:95 - Launched the Orange Application
2020-06-03 03:42:24,787  INFO [main] Library:35 - Add New Entry
2020-06-03 03:43:02,841  INFO [main] Library:106 - Take Screenshot
2020-06-03 03:43:03,122  INFO [main] Library:111 - Image captured
2020-06-03 03:58:38,612  INFO [main] Library:53 - Starting with Browser Set Up
2020-06-03 03:58:42,927  INFO [main] Library:63 - Identified the browser as chrome. Launching the browser
2020-06-03 03:58:46,610  INFO [main] Library:95 - Launched the Orange Application
2020-06-03 03:58:51,976  INFO [main] Library:35 - Add New Entry
2020-06-03 03:59:01,208  INFO [main] Library:106 - Take Screenshot
2020-06-03 03:59:01,668  INFO [main] Library:111 - Image captured
2020-06-03 03:59:02,536  INFO [main] Library:101 - Exiting the application and closing the browser
2020-06-03 04:00:00,899  INFO [main] Library:53 - Starting with Browser Set Up
2020-06-03 04:00:05,147  INFO [main] Library:63 - Identified the browser as chrome. Launching the browser
2020-06-03 04:00:08,615  INFO [main] Library:95 - Launched the Orange Application
2020-06-03 04:00:12,256  INFO [main] Library:35 - Add New Entry
2020-06-03 04:00:50,302  INFO [main] Library:106 - Take Screenshot
2020-06-03 04:00:50,625  INFO [main] Library:111 - Image captured
2020-06-03 04:06:19,543  INFO [main] Library:53 - Starting with Browser Set Up
2020-06-03 04:06:23,888  INFO [main] Library:63 - Identified the browser as chrome. Launching the browser
2020-06-03 04:06:28,304  INFO [main] Library:95 - Launched the Orange Application
2020-06-03 04:06:32,146  INFO [main] Library:35 - Add New Entry
2020-06-03 04:07:10,227  INFO [main] Library:106 - Take Screenshot
2020-06-03 04:07:10,527  INFO [main] Library:111 - Image captured
2020-06-03 04:09:05,142  INFO [main] Library:53 - Starting with Browser Set Up
2020-06-03 04:09:09,408  INFO [main] Library:63 - Identified the browser as chrome. Launching the browser
2020-06-03 04:09:13,250  INFO [main] Library:95 - Launched the Orange Application
2020-06-03 04:09:17,596  INFO [main] Library:35 - Add New Entry
2020-06-03 04:09:47,629  INFO [main] Library:106 - Take Screenshot
2020-06-03 04:09:47,960  INFO [main] Library:111 - Image captured
2020-06-03 04:12:38,990  INFO [main] Library:53 - Starting with Browser Set Up
2020-06-03 04:12:43,039  INFO [main] Library:63 - Identified the browser as chrome. Launching the browser
2020-06-03 04:12:46,608  INFO [main] Library:95 - Launched the Orange Application
2020-06-03 04:12:50,236  INFO [main] Library:35 - Add New Entry
2020-06-03 04:13:21,886  INFO [main] Library:106 - Take Screenshot
2020-06-03 04:13:22,200  INFO [main] Library:111 - Image captured
2020-06-03 04:19:59,477  INFO [main] Library:53 - Starting with Browser Set Up
2020-06-03 04:20:03,473  INFO [main] Library:63 - Identified the browser as chrome. Launching the browser
2020-06-03 04:20:06,818  INFO [main] Library:95 - Launched the Orange Application
2020-06-03 04:20:11,072  INFO [main] Library:35 - Add New Entry
2020-06-03 04:20:31,418  INFO [main] Library:106 - Take Screenshot
2020-06-03 04:28:48,224  INFO [main] Library:53 - Starting with Browser Set Up
2020-06-03 04:28:52,516  INFO [main] Library:63 - Identified the browser as chrome. Launching the browser
2020-06-03 04:28:56,104  INFO [main] Library:95 - Launched the Orange Application
2020-06-03 04:29:00,176  INFO [main] Library:35 - Add New Entry
2020-06-03 04:29:20,291  INFO [main] Library:106 - Take Screenshot
2020-06-03 04:30:03,682  INFO [main] Library:53 - Starting with Browser Set Up
2020-06-03 04:30:08,079  INFO [main] Library:63 - Identified the browser as chrome. Launching the browser
2020-06-03 04:30:12,468  INFO [main] Library:95 - Launched the Orange Application
2020-06-03 04:30:16,829  INFO [main] Library:35 - Add New Entry
2020-06-03 04:30:46,909  INFO [main] Library:106 - Take Screenshot
2020-06-03 04:30:47,236  INFO [main] Library:111 - Image captured
2020-06-03 04:39:09,185  INFO [main] Library:53 - Starting with Browser Set Up
2020-06-03 04:39:13,852  INFO [main] Library:63 - Identified the browser as chrome. Launching the browser
2020-06-03 04:39:17,175  INFO [main] Library:95 - Launched the Orange Application
2020-06-03 04:46:28,621  INFO [main] Library:53 - Starting with Browser Set Up
2020-06-03 04:46:32,775  INFO [main] Library:63 - Identified the browser as chrome. Launching the browser
2020-06-03 04:46:36,853  INFO [main] Library:95 - Launched the Orange Application
2020-06-03 04:49:26,390  INFO [main] Library:53 - Starting with Browser Set Up
2020-06-03 04:49:30,478  INFO [main] Library:63 - Identified the browser as chrome. Launching the browser
2020-06-03 04:49:33,938  INFO [main] Library:95 - Launched the Orange Application
2020-06-03 04:50:14,403  INFO [main] Library:53 - Starting with Browser Set Up
2020-06-03 04:50:18,810  INFO [main] Library:63 - Identified the browser as chrome. Launching the browser
2020-06-03 04:50:22,340  INFO [main] Library:95 - Launched the Orange Application
2020-06-03 04:50:26,781  INFO [main] Library:35 - Add New Entry
2020-06-03 04:50:29,744  INFO [main] Library:106 - Take Screenshot
2020-06-03 04:50:30,377  INFO [main] Library:111 - Image captured
2020-06-03 04:50:31,441  INFO [main] Library:101 - Exiting the application and closing the browser
2020-06-03 04:51:39,119  INFO [main] Library:53 - Starting with Browser Set Up
2020-06-03 04:51:43,336  INFO [main] Library:63 - Identified the browser as chrome. Launching the browser
2020-06-03 04:51:47,222  INFO [main] Library:95 - Launched the Orange Application
2020-06-03 04:51:51,017  INFO [main] Library:35 - Add New Entry
2020-06-03 04:52:00,812  INFO [main] Library:106 - Take Screenshot
2020-06-03 04:52:01,159  INFO [main] Library:111 - Image captured
2020-06-03 04:52:02,203  INFO [main] Library:101 - Exiting the application and closing the browser
2020-06-03 04:57:24,369  INFO [main] Library:53 - Starting with Browser Set Up
2020-06-03 04:57:28,181  INFO [main] Library:63 - Identified the browser as chrome. Launching the browser
2020-06-03 04:57:31,556  INFO [main] Library:95 - Launched the Orange Application
2020-06-03 05:00:58,095  INFO [main] Library:53 - Starting with Browser Set Up
2020-06-03 05:01:02,151  INFO [main] Library:63 - Identified the browser as chrome. Launching the browser
2020-06-03 05:01:06,118  INFO [main] Library:95 - Launched the Orange Application
2020-06-03 05:12:17,474  INFO [main] Library:53 - Starting with Browser Set Up
2020-06-03 05:12:21,490  INFO [main] Library:63 - Identified the browser as chrome. Launching the browser
2020-06-03 05:12:25,134  INFO [main] Library:95 - Launched the Orange Application
2020-06-03 05:14:57,815  INFO [main] Library:53 - Starting with Browser Set Up
2020-06-03 05:15:01,614  INFO [main] Library:63 - Identified the browser as chrome. Launching the browser
2020-06-03 05:15:05,217  INFO [main] Library:95 - Launched the Orange Application
2020-06-03 05:15:10,940  INFO [main] Library:35 - Add New Entry
2020-06-03 05:15:20,538  INFO [main] Library:106 - Take Screenshot
2020-06-03 05:15:20,900  INFO [main] Library:111 - Image captured
2020-06-03 05:15:22,108  INFO [main] Library:101 - Exiting the application and closing the browser
2020-06-03 05:15:57,156  INFO [main] Library:53 - Starting with Browser Set Up
2020-06-03 05:16:01,166  INFO [main] Library:63 - Identified the browser as chrome. Launching the browser
2020-06-03 05:16:04,725  INFO [main] Library:95 - Launched the Orange Application
2020-06-03 05:16:08,625  INFO [main] Library:35 - Add New Entry
2020-06-03 05:16:47,111  INFO [main] Library:106 - Take Screenshot
2020-06-03 05:16:47,435  INFO [main] Library:111 - Image captured
2020-06-03 05:18:10,961  INFO [main] Library:53 - Starting with Browser Set Up
2020-06-03 05:18:15,134  INFO [main] Library:63 - Identified the browser as chrome. Launching the browser
2020-06-03 05:18:19,376  INFO [main] Library:95 - Launched the Orange Application
2020-06-03 05:18:23,712  INFO [main] Library:35 - Add New Entry
2020-06-03 05:18:50,775  INFO [main] Library:106 - Take Screenshot
2020-06-03 05:18:51,200  INFO [main] Library:111 - Image captured
2020-06-03 05:18:52,331  INFO [main] Library:101 - Exiting the application and closing the browser
2020-06-03 05:19:28,868  INFO [main] Library:53 - Starting with Browser Set Up
2020-06-03 05:19:33,372  INFO [main] Library:63 - Identified the browser as chrome. Launching the browser
2020-06-03 05:19:36,940  INFO [main] Library:95 - Launched the Orange Application
2020-06-03 05:19:40,475  INFO [main] Library:35 - Add New Entry
2020-06-03 05:19:54,520  INFO [main] Library:106 - Take Screenshot
2020-06-03 05:19:55,208  INFO [main] Library:111 - Image captured
2020-06-03 05:19:56,167  INFO [main] Library:101 - Exiting the application and closing the browser
2020-06-03 05:20:29,144  INFO [main] Library:53 - Starting with Browser Set Up
2020-06-03 05:20:33,319  INFO [main] Library:63 - Identified the browser as chrome. Launching the browser
2020-06-03 05:20:36,650  INFO [main] Library:95 - Launched the Orange Application
2020-06-03 05:20:40,217  INFO [main] Library:35 - Add New Entry
2020-06-03 05:20:53,452  INFO [main] Library:106 - Take Screenshot
2020-06-03 05:20:54,048  INFO [main] Library:111 - Image captured
2020-06-03 05:20:54,910  INFO [main] Library:101 - Exiting the application and closing the browser
2020-06-03 05:21:07,561  INFO [main] Library:53 - Starting with Browser Set Up
2020-06-03 05:21:11,471  INFO [main] Library:63 - Identified the browser as chrome. Launching the browser
2020-06-03 05:21:14,903  INFO [main] Library:95 - Launched the Orange Application
2020-06-03 05:21:18,586  INFO [main] Library:35 - Add New Entry
2020-06-03 05:21:31,638  INFO [main] Library:106 - Take Screenshot
2020-06-03 05:21:32,153  INFO [main] Library:111 - Image captured
2020-06-03 05:21:33,093  INFO [main] Library:101 - Exiting the application and closing the browser
2020-06-03 05:23:05,287  INFO [main] Library:53 - Starting with Browser Set Up
2020-06-03 05:23:09,282  INFO [main] Library:63 - Identified the browser as chrome. Launching the browser
2020-06-03 05:23:13,162  INFO [main] Library:95 - Launched the Orange Application
2020-06-03 05:23:16,982  INFO [main] Library:35 - Add New Entry
2020-06-03 05:23:26,593  INFO [main] Library:106 - Take Screenshot
2020-06-03 05:23:26,955  INFO [main] Library:111 - Image captured
2020-06-03 05:23:27,831  INFO [main] Library:101 - Exiting the application and closing the browser
2020-06-03 05:31:05,472  INFO [main] Library:53 - Starting with Browser Set Up
2020-06-03 05:31:09,881  INFO [main] Library:63 - Identified the browser as chrome. Launching the browser
2020-06-03 05:31:14,146  INFO [main] Library:95 - Launched the Orange Application
2020-06-03 05:31:19,148  INFO [main] Library:35 - Add New Entry
2020-06-03 05:31:30,830  INFO [main] Library:106 - Take Screenshot
2020-06-03 05:31:31,376  INFO [main] Library:111 - Image captured
2020-06-03 05:31:35,564  INFO [main] Library:101 - Exiting the application and closing the browser
2020-06-03 05:34:45,017  INFO [main] Library:53 - Starting with Browser Set Up
2020-06-03 05:34:49,096  INFO [main] Library:63 - Identified the browser as chrome. Launching the browser
2020-06-03 05:34:52,709  INFO [main] Library:95 - Launched the Orange Application
2020-06-03 05:34:56,812  INFO [main] Library:35 - Add New Entry
2020-06-03 05:35:05,767  INFO [main] Library:106 - Take Screenshot
2020-06-03 05:35:06,208  INFO [main] Library:111 - Image captured
2020-06-03 05:35:07,034  INFO [main] Library:101 - Exiting the application and closing the browser
2020-06-03 05:38:57,494  INFO [main] Library:53 - Starting with Browser Set Up
2020-06-03 05:39:01,516  INFO [main] Library:63 - Identified the browser as chrome. Launching the browser
2020-06-03 05:39:05,287  INFO [main] Library:95 - Launched the Orange Application
2020-06-03 05:39:08,634  INFO [main] Library:35 - Add New Entry
2020-06-03 05:39:17,969  INFO [main] Library:106 - Take Screenshot
2020-06-03 05:39:18,472  INFO [main] Library:111 - Image captured
2020-06-03 05:39:19,370  INFO [main] Library:101 - Exiting the application and closing the browser
2020-06-03 05:40:30,000  INFO [main] Library:53 - Starting with Browser Set Up
2020-06-03 05:40:34,231  INFO [main] Library:63 - Identified the browser as chrome. Launching the browser
2020-06-03 05:40:37,599  INFO [main] Library:95 - Launched the Orange Application
2020-06-03 05:40:41,856  INFO [main] Library:35 - Add New Entry
2020-06-03 05:41:00,305  INFO [main] Library:106 - Take Screenshot
2020-06-03 05:41:01,053  INFO [main] Library:111 - Image captured
2020-06-03 05:41:01,988  INFO [main] Library:101 - Exiting the application and closing the browser
2020-06-03 05:41:54,520  INFO [main] Library:53 - Starting with Browser Set Up
2020-06-03 05:41:58,506  INFO [main] Library:63 - Identified the browser as chrome. Launching the browser
2020-06-03 05:42:01,918  INFO [main] Library:95 - Launched the Orange Application
2020-06-03 05:46:46,573  INFO [main] Library:53 - Starting with Browser Set Up
2020-06-03 05:46:50,722  INFO [main] Library:63 - Identified the browser as chrome. Launching the browser
2020-06-03 05:46:54,279  INFO [main] Library:95 - Launched the Orange Application
2020-06-03 10:35:36,887  INFO [main] Library:53 - Starting with Browser Set Up
2020-06-03 10:35:44,648  INFO [main] Library:63 - Identified the browser as chrome. Launching the browser
2020-06-03 10:35:50,057  INFO [main] Library:95 - Launched the Orange Application
2020-06-03 10:35:59,197  INFO [main] Library:35 - Add New Entry
2020-06-03 10:36:08,883  INFO [main] Library:106 - Take Screenshot
2020-06-03 10:36:09,691  INFO [main] Library:111 - Image captured
2020-06-03 10:36:10,651  INFO [main] Library:101 - Exiting the application and closing the browser
2020-06-03 10:41:51,200  INFO [main] Library:53 - Starting with Browser Set Up
2020-06-03 10:41:55,789  INFO [main] Library:63 - Identified the browser as chrome. Launching the browser
2020-06-03 10:41:59,912  INFO [main] Library:95 - Launched the Orange Application
2020-06-03 10:42:04,419  INFO [main] Library:35 - Add New Entry
2020-06-03 10:42:14,512  INFO [main] Library:106 - Take Screenshot
2020-06-03 10:42:15,027  INFO [main] Library:111 - Image captured
2020-06-03 10:42:16,438  INFO [main] Library:101 - Exiting the application and closing the browser
2020-06-03 10:57:39,456  INFO [main] Library:53 - Starting with Browser Set Up
2020-06-03 10:57:44,260  INFO [main] Library:63 - Identified the browser as chrome. Launching the browser
2020-06-03 10:57:49,241  INFO [main] Library:95 - Launched the Orange Application
2020-06-03 10:57:52,951  INFO [main] Library:106 - Take Screenshot
2020-06-03 10:57:53,317  INFO [main] Library:111 - Image captured
2020-06-03 10:58:02,351  INFO [main] Library:101 - Exiting the application and closing the browser
2020-06-03 11:06:11,242  INFO [main] Library:53 - Starting with Browser Set Up
2020-06-03 11:06:15,930  INFO [main] Library:63 - Identified the browser as chrome. Launching the browser
2020-06-03 11:06:22,880  INFO [main] Library:95 - Launched the Orange Application
2020-06-03 11:06:28,589  INFO [main] Library:35 - Add New Entry
2020-06-03 11:06:51,950  INFO [main] Library:106 - Take Screenshot
2020-06-03 11:06:52,649  INFO [main] Library:111 - Image captured
2020-06-03 11:06:54,541  INFO [main] Library:101 - Exiting the application and closing the browser
2020-06-03 11:15:41,575  INFO [main] Library:53 - Starting with Browser Set Up
2020-06-03 11:15:49,878  INFO [main] Library:63 - Identified the browser as chrome. Launching the browser
2020-06-03 11:15:56,733  INFO [main] Library:95 - Launched the Orange Application
2020-06-03 11:16:27,940  INFO [main] Library:106 - Take Screenshot
2020-06-03 11:16:30,649  INFO [main] Library:111 - Image captured
2020-06-03 11:16:32,744  INFO [main] Library:101 - Exiting the application and closing the browser
2020-06-03 11:26:45,561  INFO [main] Library:53 - Starting with Browser Set Up
2020-06-03 11:26:53,781  INFO [main] Library:63 - Identified the browser as chrome. Launching the browser
2020-06-03 11:27:01,001  INFO [main] Library:95 - Launched the Orange Application
2020-06-03 11:27:24,097  INFO [main] Library:106 - Take Screenshot
2020-06-03 11:27:24,914  INFO [main] Library:111 - Image captured
2020-06-03 11:27:27,247  INFO [main] Library:101 - Exiting the application and closing the browser
2020-06-03 11:42:10,390  INFO [main] Library:53 - Starting with Browser Set Up
2020-06-03 11:42:14,729  INFO [main] Library:63 - Identified the browser as chrome. Launching the browser
2020-06-03 11:42:18,957  INFO [main] Library:95 - Launched the Orange Application
2020-06-03 11:42:29,089  INFO [main] Library:106 - Take Screenshot
2020-06-03 11:42:29,665  INFO [main] Library:111 - Image captured
2020-06-03 11:42:31,659  INFO [main] Library:101 - Exiting the application and closing the browser
2020-06-03 11:55:08,796  INFO [main] Library:53 - Starting with Browser Set Up
2020-06-03 11:55:13,280  INFO [main] Library:63 - Identified the browser as chrome. Launching the browser
2020-06-03 11:55:33,131  INFO [main] Library:95 - Launched the Orange Application
2020-06-03 11:56:07,102  INFO [main] Library:106 - Take Screenshot
2020-06-03 11:56:07,484  INFO [main] Library:111 - Image captured
2020-06-03 11:56:08,499  INFO [main] Library:101 - Exiting the application and closing the browser
2020-06-03 13:05:52,799  INFO [main] Library:53 - Starting with Browser Set Up
2020-06-03 13:05:59,000  INFO [main] Library:63 - Identified the browser as chrome. Launching the browser
2020-06-03 13:06:03,042  INFO [main] Library:95 - Launched the Orange Application
2020-06-03 13:06:43,885  INFO [main] Library:106 - Take Screenshot
2020-06-03 13:06:44,726  INFO [main] Library:111 - Image captured
2020-06-03 13:06:45,897  INFO [main] Library:101 - Exiting the application and closing the browser
2020-06-03 13:18:45,516  INFO [main] Library:53 - Starting with Browser Set Up
2020-06-03 13:18:50,938  INFO [main] Library:63 - Identified the browser as chrome. Launching the browser
2020-06-03 13:18:54,993  INFO [main] Library:95 - Launched the Orange Application
2020-06-03 13:18:57,616  INFO [main] Library:106 - Take Screenshot
2020-06-03 13:18:58,098  INFO [main] Library:111 - Image captured
2020-06-03 13:19:07,121  INFO [main] Library:101 - Exiting the application and closing the browser
2020-06-03 15:33:35,809  INFO [main] Library:53 - Starting with Browser Set Up
2020-06-03 15:33:49,597  INFO [main] Library:63 - Identified the browser as chrome. Launching the browser
2020-06-03 15:33:55,471  INFO [main] Library:95 - Launched the Orange Application
2020-06-03 15:34:17,081  INFO [main] Library:106 - Take Screenshot
2020-06-03 15:34:21,017  INFO [main] Library:111 - Image captured
2020-06-03 15:34:28,533  INFO [main] Library:101 - Exiting the application and closing the browser
2020-06-03 15:38:49,296  INFO [main] Library:53 - Starting with Browser Set Up
2020-06-03 15:38:54,299  INFO [main] Library:63 - Identified the browser as chrome. Launching the browser
2020-06-03 15:38:59,230  INFO [main] Library:95 - Launched the Orange Application
2020-06-03 15:40:26,084  INFO [main] Library:106 - Take Screenshot
2020-06-03 15:40:27,565  INFO [main] Library:111 - Image captured
2020-06-03 15:40:29,349  INFO [main] Library:101 - Exiting the application and closing the browser
2020-06-03 15:41:03,439  INFO [main] Library:53 - Starting with Browser Set Up
2020-06-03 15:41:09,305  INFO [main] Library:63 - Identified the browser as chrome. Launching the browser
2020-06-03 15:41:14,503  INFO [main] Library:95 - Launched the Orange Application
2020-06-03 15:42:38,537  INFO [main] Library:106 - Take Screenshot
2020-06-03 15:42:39,050  INFO [main] Library:111 - Image captured
2020-06-03 15:42:42,161  INFO [main] Library:101 - Exiting the application and closing the browser
2020-06-03 15:44:52,857  INFO [main] Library:53 - Starting with Browser Set Up
2020-06-03 15:44:57,741  INFO [main] Library:63 - Identified the browser as chrome. Launching the browser
2020-06-03 15:45:01,955  INFO [main] Library:95 - Launched the Orange Application
2020-06-03 15:46:15,134  INFO [main] Library:106 - Take Screenshot
2020-06-03 15:46:15,536  INFO [main] Library:111 - Image captured
2020-06-03 15:46:16,538  INFO [main] Library:101 - Exiting the application and closing the browser
2020-06-03 15:51:39,426  INFO [main] Library:53 - Starting with Browser Set Up
2020-06-03 15:51:43,817  INFO [main] Library:63 - Identified the browser as chrome. Launching the browser
2020-06-03 15:51:47,574  INFO [main] Library:95 - Launched the Orange Application
2020-06-03 15:52:03,942  INFO [main] Library:106 - Take Screenshot
2020-06-03 16:12:44,010  INFO [main] Library:53 - Starting with Browser Set Up
2020-06-03 16:12:48,351  INFO [main] Library:63 - Identified the browser as chrome. Launching the browser
2020-06-03 16:12:51,690  INFO [main] Library:95 - Launched the Orange Application
2020-06-03 16:12:55,701  INFO [main] Library:36 - Add New Entry
2020-06-03 16:13:06,711  INFO [main] Library:106 - Take Screenshot
2020-06-03 16:13:07,040  INFO [main] Library:111 - Image captured
2020-06-03 16:13:07,905  INFO [main] Library:101 - Exiting the application and closing the browser
2020-06-03 16:22:19,646  INFO [main] Library:53 - Starting with Browser Set Up
2020-06-03 16:22:23,633  INFO [main] Library:63 - Identified the browser as chrome. Launching the browser
2020-06-03 16:22:27,211  INFO [main] Library:95 - Launched the Orange Application
2020-06-03 16:22:30,266  INFO [main] Library:36 - Add New Entry
2020-06-03 16:22:40,781  INFO [main] Library:106 - Take Screenshot
2020-06-03 16:22:41,368  INFO [main] Library:111 - Image captured
2020-06-03 16:22:42,213  INFO [main] Library:101 - Exiting the application and closing the browser
2020-06-03 16:23:41,513  INFO [main] Library:53 - Starting with Browser Set Up
2020-06-03 16:23:45,517  INFO [main] Library:63 - Identified the browser as chrome. Launching the browser
2020-06-03 16:23:49,167  INFO [main] Library:95 - Launched the Orange Application
2020-06-03 16:23:52,887  INFO [main] Library:36 - Add New Entry
2020-06-03 16:24:05,142  INFO [main] Library:106 - Take Screenshot
2020-06-03 16:24:05,698  INFO [main] Library:111 - Image captured
2020-06-03 16:24:38,407  INFO [main] Library:53 - Starting with Browser Set Up
2020-06-03 16:24:42,462  INFO [main] Library:63 - Identified the browser as chrome. Launching the browser
2020-06-03 16:24:46,110  INFO [main] Library:95 - Launched the Orange Application
2020-06-03 16:24:49,860  INFO [main] Library:36 - Add New Entry
2020-06-03 16:25:02,726  INFO [main] Library:106 - Take Screenshot
2020-06-03 16:25:03,129  INFO [main] Library:111 - Image captured
2020-06-03 16:58:56,011  INFO [main] Library:53 - Starting with Browser Set Up
2020-06-03 16:59:00,378  INFO [main] Library:63 - Identified the browser as chrome. Launching the browser
2020-06-03 16:59:04,587  INFO [main] Library:95 - Launched the Orange Application
2020-06-03 16:59:10,873  INFO [main] Library:36 - Add New Entry
2020-06-03 16:59:24,810  INFO [main] Library:106 - Take Screenshot
2020-06-03 16:59:25,218  INFO [main] Library:111 - Image captured
2020-06-03 17:00:11,794  INFO [main] Library:53 - Starting with Browser Set Up
2020-06-03 17:00:16,604  INFO [main] Library:63 - Identified the browser as chrome. Launching the browser
2020-06-03 17:00:20,284  INFO [main] Library:95 - Launched the Orange Application
2020-06-03 17:00:25,728  INFO [main] Library:36 - Add New Entry
2020-06-03 17:00:39,875  INFO [main] Library:106 - Take Screenshot
2020-06-03 17:00:40,292  INFO [main] Library:111 - Image captured
2020-06-03 17:03:22,533  INFO [main] Library:53 - Starting with Browser Set Up
2020-06-03 17:03:29,151  INFO [main] Library:63 - Identified the browser as chrome. Launching the browser
2020-06-03 17:03:36,986  INFO [main] Library:95 - Launched the Orange Application
2020-06-03 17:03:55,618  INFO [main] Library:35 - Add New Entry
2020-06-03 17:04:18,347  INFO [main] Library:106 - Take Screenshot
2020-06-03 17:04:19,010  INFO [main] Library:111 - Image captured
2020-06-03 17:05:00,605  INFO [main] Library:53 - Starting with Browser Set Up
2020-06-03 17:05:08,268  INFO [main] Library:62 - Identified the browser as chrome. Launching the browser
2020-06-03 17:05:15,719  INFO [main] Library:94 - Launched the Orange Application
2020-06-03 17:05:30,798  INFO [main] Library:35 - Add New Entry
2020-06-03 17:05:50,725  INFO [main] Library:105 - Take Screenshot
2020-06-03 17:05:51,478  INFO [main] Library:110 - Image captured
2020-06-03 17:05:54,720  INFO [main] Library:100 - Exiting the application and closing the browser
2020-06-03 19:13:32,226  INFO [main] Library:53 - Starting with Browser Set Up
2020-06-03 19:13:37,744  INFO [main] Library:62 - Identified the browser as chrome. Launching the browser
2020-06-03 19:13:41,438  INFO [main] Library:94 - Launched the Orange Application
2020-06-03 19:13:46,317  INFO [main] Library:35 - Add New Entry
2020-06-03 19:13:58,399  INFO [main] Library:105 - Take Screenshot
2020-06-03 19:13:58,744  INFO [main] Library:110 - Image captured
2020-06-03 19:13:59,543  INFO [main] Library:100 - Exiting the application and closing the browser
2020-06-03 19:19:04,466  INFO [main] Library:53 - Starting with Browser Set Up
2020-06-03 19:19:08,468  INFO [main] Library:62 - Identified the browser as chrome. Launching the browser
2020-06-03 19:19:12,227  INFO [main] Library:94 - Launched the Orange Application
2020-06-03 19:19:16,305  INFO [main] Library:35 - Add New Entry
2020-06-03 19:19:28,790  INFO [main] Library:105 - Take Screenshot
2020-06-03 19:19:29,136  INFO [main] Library:110 - Image captured
2020-06-03 19:19:29,967  INFO [main] Library:100 - Exiting the application and closing the browser
2020-06-03 19:27:19,573  INFO [main] Library:53 - Starting with Browser Set Up
2020-06-03 19:27:23,431  INFO [main] Library:62 - Identified the browser as chrome. Launching the browser
2020-06-03 19:27:26,768  INFO [main] Library:94 - Launched the Orange Application
2020-06-03 19:27:29,857  INFO [main] Library:35 - Add New Entry
2020-06-03 19:27:50,199  INFO [main] Library:105 - Take Screenshot
2020-06-03 19:27:50,512  INFO [main] Library:110 - Image captured
2020-06-03 19:27:51,317  INFO [main] Library:100 - Exiting the application and closing the browser
2020-06-03 19:30:22,354  INFO [main] Library:53 - Starting with Browser Set Up
2020-06-03 19:30:26,278  INFO [main] Library:62 - Identified the browser as chrome. Launching the browser
2020-06-03 19:30:29,618  INFO [main] Library:94 - Launched the Orange Application
2020-06-03 19:30:32,810  INFO [main] Library:35 - Add New Entry
2020-06-03 19:30:57,006  INFO [main] Library:105 - Take Screenshot
2020-06-03 19:30:57,318  INFO [main] Library:110 - Image captured
2020-06-03 19:30:58,108  INFO [main] Library:100 - Exiting the application and closing the browser
2020-06-03 22:33:29,362  INFO [main] Library:53 - Starting with Browser Set Up
2020-06-03 22:33:33,291  INFO [main] Library:62 - Identified the browser as chrome. Launching the browser
2020-06-03 22:33:36,792  INFO [main] Library:94 - Launched the Orange Application
2020-06-03 22:34:17,640  INFO [main] Library:105 - Take Screenshot
2020-06-03 22:34:17,942  INFO [main] Library:110 - Image captured
2020-06-03 22:34:18,841  INFO [main] Library:100 - Exiting the application and closing the browser
2020-06-04 10:47:54,746  INFO [main] Library:53 - Starting with Browser Set Up
2020-06-04 10:48:00,517  INFO [main] Library:62 - Identified the browser as chrome. Launching the browser
2020-06-04 10:48:04,199  INFO [main] Library:94 - Launched the Orange Application
2020-06-04 10:48:09,665  INFO [main] Library:35 - Add New Entry
2020-06-04 10:48:29,919  INFO [main] Library:105 - Take Screenshot
2020-06-04 10:48:30,382  INFO [main] Library:110 - Image captured
2020-06-04 10:48:31,186  INFO [main] Library:100 - Exiting the application and closing the browser
2020-06-04 10:58:35,723  INFO [main] Library:53 - Starting with Browser Set Up
2020-06-04 10:58:40,232  INFO [main] Library:62 - Identified the browser as chrome. Launching the browser
2020-06-04 10:58:44,804  INFO [main] Library:94 - Launched the Orange Application
2020-06-04 10:59:20,240  INFO [main] Library:105 - Take Screenshot
2020-06-04 10:59:20,552  INFO [main] Library:110 - Image captured
2020-06-04 11:05:48,477  INFO [main] Library:53 - Starting with Browser Set Up
2020-06-04 11:05:52,704  INFO [main] Library:62 - Identified the browser as chrome. Launching the browser
2020-06-04 11:05:58,130  INFO [main] Library:94 - Launched the Orange Application
2020-06-04 11:06:25,773  INFO [main] Library:105 - Take Screenshot
2020-06-04 11:06:59,822  INFO [main] Library:53 - Starting with Browser Set Up
2020-06-04 11:07:04,082  INFO [main] Library:62 - Identified the browser as chrome. Launching the browser
2020-06-04 11:07:10,279  INFO [main] Library:94 - Launched the Orange Application
2020-06-04 11:07:47,590  INFO [main] Library:105 - Take Screenshot
2020-06-04 11:07:47,971  INFO [main] Library:110 - Image captured
2020-06-04 11:07:48,934  INFO [main] Library:100 - Exiting the application and closing the browser
2020-06-04 11:11:09,192  INFO [main] Library:53 - Starting with Browser Set Up
2020-06-04 11:11:13,461  INFO [main] Library:62 - Identified the browser as chrome. Launching the browser
2020-06-04 11:11:17,775  INFO [main] Library:94 - Launched the Orange Application
2020-06-04 11:11:59,564  INFO [main] Library:105 - Take Screenshot
2020-06-04 11:11:59,904  INFO [main] Library:110 - Image captured
2020-06-04 11:12:00,772  INFO [main] Library:100 - Exiting the application and closing the browser
2020-06-04 11:14:42,915  INFO [main] Library:53 - Starting with Browser Set Up
2020-06-04 11:14:47,217  INFO [main] Library:62 - Identified the browser as chrome. Launching the browser
2020-06-04 11:14:54,803  INFO [main] Library:94 - Launched the Orange Application
2020-06-04 11:15:16,426  INFO [main] Library:105 - Take Screenshot
2020-06-04 11:15:16,783  INFO [main] Library:110 - Image captured
2020-06-04 11:15:17,790  INFO [main] Library:100 - Exiting the application and closing the browser
2020-06-04 11:24:23,230  INFO [main] Library:53 - Starting with Browser Set Up
2020-06-04 11:24:27,775  INFO [main] Library:62 - Identified the browser as chrome. Launching the browser
2020-06-04 11:24:31,785  INFO [main] Library:94 - Launched the Orange Application
2020-06-04 11:25:01,367  INFO [main] Library:105 - Take Screenshot
2020-06-04 11:25:01,706  INFO [main] Library:110 - Image captured
2020-06-04 11:25:02,686  INFO [main] Library:100 - Exiting the application and closing the browser
2020-06-04 11:27:08,950  INFO [main] Library:53 - Starting with Browser Set Up
2020-06-04 11:27:13,284  INFO [main] Library:62 - Identified the browser as chrome. Launching the browser
2020-06-04 11:27:18,200  INFO [main] Library:94 - Launched the Orange Application
2020-06-04 11:27:38,852  INFO [main] Library:105 - Take Screenshot
2020-06-04 11:27:39,190  INFO [main] Library:110 - Image captured
2020-06-04 11:27:40,178  INFO [main] Library:100 - Exiting the application and closing the browser
2020-06-04 11:40:00,068  INFO [main] Library:53 - Starting with Browser Set Up
2020-06-04 11:40:04,315  INFO [main] Library:62 - Identified the browser as chrome. Launching the browser
2020-06-04 11:40:10,694  INFO [main] Library:94 - Launched the Orange Application
2020-06-04 11:40:30,231  INFO [main] Library:105 - Take Screenshot
2020-06-04 11:40:30,567  INFO [main] Library:110 - Image captured
2020-06-04 11:40:31,534  INFO [main] Library:100 - Exiting the application and closing the browser
2020-06-04 12:09:01,731  INFO [main] Library:53 - Starting with Browser Set Up
2020-06-04 12:09:06,147  INFO [main] Library:62 - Identified the browser as chrome. Launching the browser
2020-06-04 12:09:12,482  INFO [main] Library:94 - Launched the Orange Application
2020-06-04 12:09:31,330  INFO [main] Library:105 - Take Screenshot
2020-06-04 12:09:31,673  INFO [main] Library:110 - Image captured
2020-06-04 12:09:32,703  INFO [main] Library:100 - Exiting the application and closing the browser
2020-06-04 12:10:03,539  INFO [main] Library:53 - Starting with Browser Set Up
2020-06-04 12:10:08,049  INFO [main] Library:62 - Identified the browser as chrome. Launching the browser
2020-06-04 12:10:14,545  INFO [main] Library:94 - Launched the Orange Application
2020-06-04 12:10:33,410  INFO [main] Library:105 - Take Screenshot
2020-06-04 12:10:33,771  INFO [main] Library:110 - Image captured
2020-06-04 12:10:34,804  INFO [main] Library:100 - Exiting the application and closing the browser
2020-06-04 14:55:16,406  INFO [main] Library:53 - Starting with Browser Set Up
2020-06-04 14:55:23,362  INFO [main] Library:62 - Identified the browser as chrome. Launching the browser
2020-06-04 14:55:28,633  INFO [main] Library:94 - Launched the Orange Application
2020-06-04 14:55:39,008  INFO [main] Library:35 - Add New Entry
2020-06-04 14:56:10,360  INFO [main] Library:105 - Take Screenshot
2020-06-04 14:56:11,013  INFO [main] Library:110 - Image captured
2020-06-04 14:56:12,663  INFO [main] Library:100 - Exiting the application and closing the browser
2020-06-04 14:57:11,285  INFO [main] Library:53 - Starting with Browser Set Up
2020-06-04 14:57:18,170  INFO [main] Library:62 - Identified the browser as chrome. Launching the browser
2020-06-04 14:57:23,387  INFO [main] Library:94 - Launched the Orange Application
2020-06-04 14:57:33,218  INFO [main] Library:35 - Add New Entry
2020-06-04 14:58:14,468  INFO [main] Library:105 - Take Screenshot
2020-06-04 14:58:15,099  INFO [main] Library:110 - Image captured
2020-06-04 14:58:16,766  INFO [main] Library:100 - Exiting the application and closing the browser
2020-06-04 15:24:44,143  INFO [main] Library:53 - Starting with Browser Set Up
2020-06-04 15:24:48,763  INFO [main] Library:62 - Identified the browser as chrome. Launching the browser
2020-06-04 15:24:53,206  INFO [main] Library:94 - Launched the Orange Application
2020-06-04 15:25:20,169  INFO [main] Library:105 - Take Screenshot
2020-06-04 15:25:20,466  INFO [main] Library:110 - Image captured
2020-06-04 15:25:21,323  INFO [main] Library:100 - Exiting the application and closing the browser
2020-06-04 15:27:09,483  INFO [main] Library:53 - Starting with Browser Set Up
2020-06-04 15:27:13,510  INFO [main] Library:62 - Identified the browser as chrome. Launching the browser
2020-06-04 15:27:17,152  INFO [main] Library:94 - Launched the Orange Application
2020-06-04 15:27:35,074  INFO [main] Library:105 - Take Screenshot
2020-06-04 15:27:35,375  INFO [main] Library:110 - Image captured
2020-06-04 15:27:36,223  INFO [main] Library:100 - Exiting the application and closing the browser
2020-06-04 15:35:24,885  INFO [main] Library:53 - Starting with Browser Set Up
2020-06-04 15:35:28,739  INFO [main] Library:62 - Identified the browser as chrome. Launching the browser
2020-06-04 15:35:34,076  INFO [main] Library:94 - Launched the Orange Application
2020-06-04 15:36:10,367  INFO [main] Library:105 - Take Screenshot
2020-06-04 15:36:10,651  INFO [main] Library:110 - Image captured
2020-06-04 15:36:27,570  INFO [main] Library:100 - Exiting the application and closing the browser
2020-06-04 15:37:59,978  INFO [main] Library:53 - Starting with Browser Set Up
2020-06-04 15:38:04,017  INFO [main] Library:62 - Identified the browser as chrome. Launching the browser
2020-06-04 15:38:07,760  INFO [main] Library:94 - Launched the Orange Application
2020-06-04 15:38:42,801  INFO [main] Library:105 - Take Screenshot
2020-06-04 15:38:43,104  INFO [main] Library:110 - Image captured
2020-06-04 15:38:43,987  INFO [main] Library:100 - Exiting the application and closing the browser
2020-06-04 15:39:37,376  INFO [main] Library:53 - Starting with Browser Set Up
2020-06-04 15:39:41,349  INFO [main] Library:62 - Identified the browser as chrome. Launching the browser
2020-06-04 15:39:44,819  INFO [main] Library:94 - Launched the Orange Application
2020-06-04 15:40:02,039  INFO [main] Library:105 - Take Screenshot
2020-06-04 15:40:02,353  INFO [main] Library:110 - Image captured
2020-06-04 15:40:03,226  INFO [main] Library:100 - Exiting the application and closing the browser
2020-06-04 15:50:45,859  INFO [main] Library:53 - Starting with Browser Set Up
2020-06-04 15:50:49,766  INFO [main] Library:62 - Identified the browser as chrome. Launching the browser
2020-06-04 15:50:54,044  INFO [main] Library:94 - Launched the Orange Application
2020-06-04 15:51:16,497  INFO [main] Library:105 - Take Screenshot
2020-06-04 15:51:16,959  INFO [main] Library:110 - Image captured
2020-06-04 15:51:17,864  INFO [main] Library:100 - Exiting the application and closing the browser
2020-06-04 16:30:15,141  INFO [main] Library:53 - Starting with Browser Set Up
2020-06-04 16:30:19,068  INFO [main] Library:62 - Identified the browser as chrome. Launching the browser
2020-06-04 16:30:23,221  INFO [main] Library:94 - Launched the Orange Application
2020-06-04 16:30:40,065  INFO [main] Library:105 - Take Screenshot
2020-06-04 16:30:40,405  INFO [main] Library:110 - Image captured
2020-06-04 16:30:43,520  INFO [main] Library:100 - Exiting the application and closing the browser
2020-06-04 17:15:04,249  INFO [main] Library:53 - Starting with Browser Set Up
2020-06-04 17:15:08,806  INFO [main] Library:62 - Identified the browser as chrome. Launching the browser
2020-06-04 17:15:12,299  INFO [main] Library:94 - Launched the Orange Application
2020-06-04 17:15:29,956  INFO [main] Library:53 - Starting with Browser Set Up
2020-06-04 17:15:34,504  INFO [main] Library:62 - Identified the browser as chrome. Launching the browser
2020-06-04 17:15:38,588  INFO [main] Library:94 - Launched the Orange Application
2020-06-04 17:16:21,900  INFO [main] Library:53 - Starting with Browser Set Up
2020-06-04 17:16:25,929  INFO [main] Library:62 - Identified the browser as chrome. Launching the browser
2020-06-04 17:16:30,157  INFO [main] Library:94 - Launched the Orange Application
2020-06-04 17:16:56,919  INFO [main] Library:53 - Starting with Browser Set Up
2020-06-04 17:17:01,226  INFO [main] Library:62 - Identified the browser as chrome. Launching the browser
2020-06-04 17:17:06,440  INFO [main] Library:94 - Launched the Orange Application
2020-06-05 12:48:22,299  INFO [main] Library:53 - Starting with Browser Set Up
2020-06-05 12:48:29,382  INFO [main] Library:62 - Identified the browser as chrome. Launching the browser
2020-06-05 12:48:34,673  INFO [main] Library:94 - Launched the Orange Application
2020-06-05 12:48:41,422  INFO [main] Library:105 - Take Screenshot
2020-06-05 12:48:46,149  INFO [main] Library:110 - Image captured
2020-06-05 12:48:55,079  INFO [main] Library:100 - Exiting the application and closing the browser
2020-06-05 12:50:45,149  INFO [main] Library:53 - Starting with Browser Set Up
2020-06-05 12:50:49,495  INFO [main] Library:62 - Identified the browser as chrome. Launching the browser
2020-06-05 12:50:53,935  INFO [main] Library:94 - Launched the Orange Application
2020-06-05 12:51:16,236  INFO [main] Library:105 - Take Screenshot
2020-06-05 12:51:16,583  INFO [main] Library:110 - Image captured
2020-06-05 12:51:17,950  INFO [main] Library:100 - Exiting the application and closing the browser
2020-06-06 14:32:53,152  INFO [main] Library:53 - Starting with Browser Set Up
2020-06-06 14:32:53,154  INFO [main] Library:85 - Could not identify the browser as chrome]. Please specify correct browser
2020-06-06 14:33:47,312  INFO [main] Library:53 - Starting with Browser Set Up
2020-06-06 14:33:47,315  INFO [main] Library:85 - Could not identify the browser as chrome]. Please specify correct browser
2020-06-06 14:35:34,988  INFO [main] Library:53 - Starting with Browser Set Up
2020-06-06 14:35:49,813  INFO [main] Library:62 - Identified the browser as chrome. Launching the browser
2020-06-06 14:35:54,927  INFO [main] Library:94 - Launched the Orange Application
2020-06-06 14:36:03,696  INFO [main] Library:35 - Add New Entry
2020-06-06 14:36:54,381  INFO [main] Library:105 - Take Screenshot
2020-06-06 14:36:54,916  INFO [main] Library:110 - Image captured
2020-06-06 14:38:08,016  INFO [main] Library:53 - Starting with Browser Set Up
2020-06-06 14:38:15,138  INFO [main] Library:62 - Identified the browser as chrome. Launching the browser
2020-06-06 14:38:22,791  INFO [main] Library:94 - Launched the Orange Application
2020-06-06 14:38:32,820  INFO [main] Library:35 - Add New Entry
2020-06-06 14:38:52,027  INFO [main] Library:105 - Take Screenshot
2020-06-06 14:38:54,963  INFO [main] Library:110 - Image captured
2020-06-06 14:38:57,948  INFO [main] Library:100 - Exiting the application and closing the browser
2020-06-06 14:41:53,647  INFO [main] Library:53 - Starting with Browser Set Up
2020-06-06 14:41:58,549  INFO [main] Library:62 - Identified the browser as chrome. Launching the browser
2020-06-06 14:42:02,550  INFO [main] Library:94 - Launched the Orange Application
2020-06-06 14:42:07,302  INFO [main] Library:35 - Add New Entry
2020-06-06 14:43:00,651  INFO [main] Library:105 - Take Screenshot
2020-06-06 14:43:01,592  INFO [main] Library:110 - Image captured
2020-06-06 18:17:16,500  INFO [main] Library:53 - Starting with Browser Set Up
2020-06-06 18:17:32,220  INFO [main] Library:62 - Identified the browser as chrome. Launching the browser
2020-06-06 18:17:37,559  INFO [main] Library:94 - Launched the Orange Application
2020-06-06 18:17:45,943  INFO [main] Library:35 - Add New Entry
2020-06-06 18:18:11,536  INFO [main] Library:105 - Take Screenshot
2020-06-06 18:18:12,454  INFO [main] Library:110 - Image captured
2020-06-06 18:18:17,029  INFO [main] Library:100 - Exiting the application and closing the browser
2020-06-06 18:19:34,761  INFO [main] Library:53 - Starting with Browser Set Up
2020-06-06 18:19:39,530  INFO [main] Library:62 - Identified the browser as chrome. Launching the browser
2020-06-06 18:19:43,855  INFO [main] Library:94 - Launched the Orange Application
2020-06-06 18:21:46,594  INFO [main] Library:53 - Starting with Browser Set Up
2020-06-06 18:21:51,452  INFO [main] Library:62 - Identified the browser as chrome. Launching the browser
2020-06-06 18:21:58,402  INFO [main] Library:94 - Launched the Orange Application
2020-06-06 18:42:14,694  INFO [main] Library:53 - Starting with Browser Set Up
2020-06-06 18:42:23,533  INFO [main] Library:62 - Identified the browser as chrome. Launching the browser
2020-06-06 18:42:29,638  INFO [main] Library:94 - Launched the Orange Application
2020-06-06 18:44:10,636  INFO [main] Library:53 - Starting with Browser Set Up
2020-06-06 18:44:16,246  INFO [main] Library:62 - Identified the browser as chrome. Launching the browser
2020-06-06 18:44:23,248  INFO [main] Library:94 - Launched the Orange Application
2020-06-06 19:08:54,757  INFO [main] Library:53 - Starting with Browser Set Up
2020-06-06 19:09:01,102  INFO [main] Library:62 - Identified the browser as chrome. Launching the browser
2020-06-06 19:09:11,819  INFO [main] Library:94 - Launched the Orange Application
2020-06-06 19:11:10,982  INFO [main] Library:53 - Starting with Browser Set Up
2020-06-06 19:11:17,336  INFO [main] Library:62 - Identified the browser as chrome. Launching the browser
2020-06-06 19:11:25,473  INFO [main] Library:94 - Launched the Orange Application
2020-06-06 19:15:09,462  INFO [main] Library:53 - Starting with Browser Set Up
2020-06-06 19:15:14,691  INFO [main] Library:62 - Identified the browser as chrome. Launching the browser
2020-06-06 19:15:20,170  INFO [main] Library:94 - Launched the Orange Application
2020-06-06 19:20:11,849  INFO [main] Library:53 - Starting with Browser Set Up
2020-06-06 19:20:17,325  INFO [main] Library:62 - Identified the browser as chrome. Launching the browser
2020-06-06 19:20:22,524  INFO [main] Library:94 - Launched the Orange Application
2020-06-06 22:36:05,548  INFO [main] Library:53 - Starting with Browser Set Up
2020-06-06 22:36:27,003  INFO [main] Library:62 - Identified the browser as chrome. Launching the browser
2020-06-06 22:36:32,686  INFO [main] Library:94 - Launched the Orange Application
2020-06-06 22:40:32,262  INFO [main] Library:53 - Starting with Browser Set Up
2020-06-06 22:40:39,046  INFO [main] Library:62 - Identified the browser as chrome. Launching the browser
2020-06-06 22:40:55,652  INFO [main] Library:94 - Launched the Orange Application
2020-06-06 22:54:30,636  INFO [main] Library:53 - Starting with Browser Set Up
2020-06-06 22:54:44,097  INFO [main] Library:62 - Identified the browser as chrome. Launching the browser
2020-06-06 22:54:51,916  INFO [main] Library:94 - Launched the Orange Application
2020-06-06 22:55:32,363  INFO [main] Library:105 - Take Screenshot
2020-06-06 22:55:33,592  INFO [main] Library:110 - Image captured
2020-06-06 22:56:18,758  INFO [main] Library:100 - Exiting the application and closing the browser
2020-06-07 02:24:02,693  INFO [main] Library:53 - Starting with Browser Set Up
2020-06-07 02:24:08,669  INFO [main] Library:62 - Identified the browser as chrome. Launching the browser
2020-06-07 02:24:12,556  INFO [main] Library:94 - Launched the Orange Application
2020-06-07 02:24:36,207  INFO [main] Library:105 - Take Screenshot
2020-06-07 02:24:36,589  INFO [main] Library:110 - Image captured
2020-06-07 02:24:38,108  INFO [main] Library:100 - Exiting the application and closing the browser
2020-06-07 03:39:11,161  INFO [main] Library:53 - Starting with Browser Set Up
2020-06-07 03:39:16,437  INFO [main] Library:62 - Identified the browser as chrome. Launching the browser
2020-06-07 03:39:22,566  INFO [main] Library:94 - Launched the Orange Application
2020-06-07 03:40:16,435  INFO [main] Library:105 - Take Screenshot
2020-06-07 03:40:16,937  INFO [main] Library:110 - Image captured
2020-06-07 03:40:17,828  INFO [main] Library:100 - Exiting the application and closing the browser
2020-06-07 03:44:18,557  INFO [main] Library:53 - Starting with Browser Set Up
2020-06-07 03:44:22,782  INFO [main] Library:62 - Identified the browser as chrome. Launching the browser
2020-06-07 03:44:29,462  INFO [main] Library:94 - Launched the Orange Application
2020-06-07 03:45:20,080  INFO [main] Library:105 - Take Screenshot
2020-06-07 03:45:20,361  INFO [main] Library:110 - Image captured
2020-06-07 03:51:37,208  INFO [main] Library:53 - Starting with Browser Set Up
2020-06-07 03:51:43,318  INFO [main] Library:62 - Identified the browser as chrome. Launching the browser
2020-06-07 03:51:48,543  INFO [main] Library:94 - Launched the Orange Application
2020-06-07 03:55:24,022  INFO [main] Library:53 - Starting with Browser Set Up
2020-06-07 03:55:29,048  INFO [main] Library:62 - Identified the browser as chrome. Launching the browser
2020-06-07 03:55:33,336  INFO [main] Library:94 - Launched the Orange Application
2020-06-07 03:59:39,051  INFO [main] Library:53 - Starting with Browser Set Up
2020-06-07 03:59:46,475  INFO [main] Library:62 - Identified the browser as chrome. Launching the browser
2020-06-07 03:59:52,308  INFO [main] Library:94 - Launched the Orange Application
2020-06-07 04:01:37,103  INFO [main] Library:53 - Starting with Browser Set Up
2020-06-07 04:01:41,824  INFO [main] Library:62 - Identified the browser as chrome. Launching the browser
2020-06-07 04:01:54,756  INFO [main] Library:94 - Launched the Orange Application
2020-06-07 08:25:43,504  INFO [main] Library:53 - Starting with Browser Set Up
2020-06-07 08:25:50,470  INFO [main] Library:62 - Identified the browser as chrome. Launching the browser
2020-06-07 08:25:55,210  INFO [main] Library:94 - Launched the Orange Application
2020-06-07 08:27:06,184  INFO [main] Library:53 - Starting with Browser Set Up
2020-06-07 08:27:11,326  INFO [main] Library:62 - Identified the browser as chrome. Launching the browser
2020-06-07 08:27:17,404  INFO [main] Library:94 - Launched the Orange Application
2020-06-07 08:28:10,819  INFO [main] Library:53 - Starting with Browser Set Up
2020-06-07 08:28:15,809  INFO [main] Library:62 - Identified the browser as chrome. Launching the browser
2020-06-07 08:28:20,572  INFO [main] Library:94 - Launched the Orange Application
2020-06-07 08:29:10,993  INFO [main] Library:53 - Starting with Browser Set Up
2020-06-07 08:29:15,989  INFO [main] Library:62 - Identified the browser as chrome. Launching the browser
2020-06-07 08:29:20,431  INFO [main] Library:94 - Launched the Orange Application
2020-06-07 08:34:59,784  INFO [main] Library:53 - Starting with Browser Set Up
2020-06-07 08:35:06,112  INFO [main] Library:62 - Identified the browser as chrome. Launching the browser
2020-06-07 08:35:15,089  INFO [main] Library:94 - Launched the Orange Application
2020-06-07 08:36:53,596  INFO [main] Library:53 - Starting with Browser Set Up
2020-06-07 08:36:58,105  INFO [main] Library:62 - Identified the browser as chrome. Launching the browser
2020-06-07 08:37:03,001  INFO [main] Library:94 - Launched the Orange Application
2020-06-07 22:04:33,754  INFO [TestNG-test=Test-2] Library:53 - Starting with Browser Set Up
2020-06-07 22:04:33,754  INFO [TestNG-test=Test-1] Library:53 - Starting with Browser Set Up
2020-06-07 22:04:33,754  INFO [TestNG-test=Test-3] Library:53 - Starting with Browser Set Up
2020-06-07 22:04:48,792  INFO [TestNG-test=Test-3] Library:62 - Identified the browser as chrome. Launching the browser
2020-06-07 22:04:48,792  INFO [TestNG-test=Test-2] Library:62 - Identified the browser as chrome. Launching the browser
2020-06-07 22:04:48,792  INFO [TestNG-test=Test-1] Library:62 - Identified the browser as chrome. Launching the browser
2020-06-07 22:05:00,283  INFO [TestNG-test=Test-3] Library:94 - Launched the Orange Application
2020-06-07 22:05:00,764  INFO [TestNG-test=Test-2] Library:94 - Launched the Orange Application
2020-06-07 22:05:01,210  INFO [TestNG-test=Test-1] Library:94 - Launched the Orange Application
2020-06-07 22:05:04,463  INFO [TestNG-test=Test-1] Library:105 - Take Screenshot
2020-06-07 22:05:05,205  INFO [TestNG-test=Test-1] Library:110 - Image captured
2020-06-07 22:05:14,297  INFO [TestNG-test=Test-1] Library:100 - Exiting the application and closing the browser
2020-06-07 22:05:14,298  INFO [TestNG-test=Test-4] Library:53 - Starting with Browser Set Up
2020-06-07 22:05:17,887  INFO [TestNG-test=Test-4] Library:62 - Identified the browser as chrome. Launching the browser
2020-06-07 22:05:23,878  INFO [TestNG-test=Test-4] Library:94 - Launched the Orange Application
2020-06-07 22:05:34,791  INFO [TestNG-test=Test-4] Library:53 - Starting with Browser Set Up
2020-06-07 22:05:39,930  INFO [TestNG-test=Test-4] Library:62 - Identified the browser as chrome. Launching the browser
2020-06-07 22:05:46,708  INFO [TestNG-test=Test-4] Library:94 - Launched the Orange Application
2020-06-07 22:17:21,117  INFO [TestNG-test=Test-2] Library:53 - Starting with Browser Set Up
2020-06-07 22:17:21,117  INFO [TestNG-test=Test-1] Library:53 - Starting with Browser Set Up
2020-06-07 22:17:21,117  INFO [TestNG-test=Test-3] Library:53 - Starting with Browser Set Up
2020-06-07 22:17:52,478  INFO [TestNG-test=Test-3] Library:62 - Identified the browser as chrome. Launching the browser
2020-06-07 22:17:52,478  INFO [TestNG-test=Test-1] Library:62 - Identified the browser as chrome. Launching the browser
2020-06-07 22:17:52,882  INFO [TestNG-test=Test-2] Library:62 - Identified the browser as chrome. Launching the browser
2020-06-07 22:18:12,930  INFO [TestNG-test=Test-1] Library:94 - Launched the Orange Application
2020-06-07 22:18:21,977  INFO [TestNG-test=Test-3] Library:94 - Launched the Orange Application
2020-06-07 22:18:22,287  INFO [TestNG-test=Test-2] Library:94 - Launched the Orange Application
2020-06-07 22:18:38,078  INFO [TestNG-test=Test-1] Library:105 - Take Screenshot
2020-06-07 22:18:39,937  INFO [TestNG-test=Test-1] Library:110 - Image captured
2020-06-07 22:18:53,581  INFO [TestNG-test=Test-1] Library:100 - Exiting the application and closing the browser
2020-06-07 22:18:53,583  INFO [TestNG-test=Test-4] Library:53 - Starting with Browser Set Up
2020-06-07 22:18:57,578  INFO [TestNG-test=Test-4] Library:62 - Identified the browser as chrome. Launching the browser
2020-06-07 22:19:02,539  INFO [TestNG-test=Test-4] Library:94 - Launched the Orange Application
2020-06-07 22:19:58,656  INFO [TestNG-test=Test-4] Library:105 - Take Screenshot
2020-06-07 22:19:59,120  INFO [TestNG-test=Test-4] Library:110 - Image captured
2020-06-07 22:24:39,911  INFO [main] Library:53 - Starting with Browser Set Up
2020-06-07 22:24:44,145  INFO [main] Library:62 - Identified the browser as chrome. Launching the browser
2020-06-07 22:24:48,052  INFO [main] Library:94 - Launched the Orange Application
2020-06-07 22:24:53,069  INFO [main] Library:105 - Take Screenshot
2020-06-07 22:24:53,529  INFO [main] Library:110 - Image captured
2020-06-07 22:25:02,767  INFO [main] Library:100 - Exiting the application and closing the browser
2020-06-07 22:25:12,557  INFO [main] Library:53 - Starting with Browser Set Up
2020-06-07 22:25:16,356  INFO [main] Library:62 - Identified the browser as chrome. Launching the browser
2020-06-07 22:25:20,032  INFO [main] Library:94 - Launched the Orange Application
2020-06-07 22:25:24,802  INFO [main] Library:35 - Add New Entry
2020-06-07 22:25:53,333  INFO [main] Library:105 - Take Screenshot
2020-06-07 22:25:53,647  INFO [main] Library:110 - Image captured
2020-06-07 22:25:54,438  INFO [main] Library:100 - Exiting the application and closing the browser
2020-06-07 22:26:59,121  INFO [main] Library:53 - Starting with Browser Set Up
2020-06-07 22:27:03,196  INFO [main] Library:62 - Identified the browser as chrome. Launching the browser
2020-06-07 22:27:06,883  INFO [main] Library:94 - Launched the Orange Application
2020-06-07 22:27:23,719  INFO [main] Library:105 - Take Screenshot
2020-06-07 22:27:24,033  INFO [main] Library:110 - Image captured
2020-06-07 22:27:24,937  INFO [main] Library:100 - Exiting the application and closing the browser
2020-06-07 22:29:38,270  INFO [main] Library:53 - Starting with Browser Set Up
2020-06-07 22:29:42,236  INFO [main] Library:62 - Identified the browser as chrome. Launching the browser
2020-06-07 22:29:47,098  INFO [main] Library:94 - Launched the Orange Application
2020-06-07 22:30:16,209  INFO [main] Library:105 - Take Screenshot
2020-06-07 22:30:16,804  INFO [main] Library:110 - Image captured
2020-06-07 22:30:17,627  INFO [main] Library:100 - Exiting the application and closing the browser
2020-06-07 22:30:17,630  INFO [main] Library:53 - Starting with Browser Set Up
2020-06-07 22:30:20,735  INFO [main] Library:62 - Identified the browser as chrome. Launching the browser
2020-06-07 22:30:26,089  INFO [main] Library:94 - Launched the Orange Application
2020-06-07 22:30:41,405  INFO [main] Library:105 - Take Screenshot
2020-06-07 22:30:41,715  INFO [main] Library:110 - Image captured
2020-06-07 22:30:42,618  INFO [main] Library:100 - Exiting the application and closing the browser
2020-06-07 22:39:46,209  INFO [TestNG-test=Test-2] Library:53 - Starting with Browser Set Up
2020-06-07 22:39:46,209  INFO [TestNG-test=Test-1] Library:53 - Starting with Browser Set Up
2020-06-07 22:39:46,209  INFO [TestNG-test=Test-3] Library:53 - Starting with Browser Set Up
2020-06-07 22:39:53,436  INFO [TestNG-test=Test-3] Library:62 - Identified the browser as chrome. Launching the browser
2020-06-07 22:39:53,436  INFO [TestNG-test=Test-2] Library:62 - Identified the browser as chrome. Launching the browser
2020-06-07 22:39:53,436  INFO [TestNG-test=Test-1] Library:62 - Identified the browser as chrome. Launching the browser
2020-06-07 22:40:01,484  INFO [TestNG-test=Test-3] Library:94 - Launched the Orange Application
2020-06-07 22:40:01,857  INFO [TestNG-test=Test-1] Library:94 - Launched the Orange Application
2020-06-07 22:40:02,366  INFO [TestNG-test=Test-2] Library:94 - Launched the Orange Application
2020-06-07 22:40:35,523  INFO [TestNG-test=Test-1] Library:105 - Take Screenshot
2020-06-07 22:40:35,784  INFO [TestNG-test=Test-4] Library:53 - Starting with Browser Set Up
2020-06-07 22:40:39,266  INFO [TestNG-test=Test-4] Library:62 - Identified the browser as chrome. Launching the browser
2020-06-07 22:40:44,125  INFO [TestNG-test=Test-4] Library:94 - Launched the Orange Application
2020-06-07 22:41:01,161  INFO [TestNG-test=Test-4] Library:105 - Take Screenshot
2020-06-07 22:41:01,644  INFO [TestNG-test=Test-4] Library:110 - Image captured
2020-06-07 22:41:02,435  INFO [TestNG-test=Test-4] Library:100 - Exiting the application and closing the browser
2020-06-07 22:41:02,438  INFO [TestNG-test=Test-4] Library:53 - Starting with Browser Set Up
2020-06-07 22:41:05,753  INFO [TestNG-test=Test-4] Library:62 - Identified the browser as chrome. Launching the browser
2020-06-07 22:41:09,530  INFO [TestNG-test=Test-4] Library:94 - Launched the Orange Application
2020-06-07 22:41:19,768  INFO [TestNG-test=Test-4] Library:105 - Take Screenshot
2020-06-07 22:41:20,104  INFO [TestNG-test=Test-4] Library:110 - Image captured
2020-06-07 22:41:21,095  INFO [TestNG-test=Test-4] Library:100 - Exiting the application and closing the browser
